This is pdfTeX, Version 3.1415926-2.3-1.40.12 (MiKTeX 2.9) (preloaded format=pdflatex 2011.8.31)  19 NOV 2012 10:13
entering extended mode
**U:/courses/M251/exams/F2012_exam_3_ideas.tex
(U:/courses/M251/exams/F2012_exam_3_ideas.tex
LaTeX2e <2011/06/27>
Babel <v3.8m> and hyphenation patterns for english, afrikaans, ancientgreek, ar
abic, armenian, assamese, basque, bengali, bokmal, bulgarian, catalan, coptic, 
croatian, czech, danish, dutch, esperanto, estonian, farsi, finnish, french, ga
lician, german, german-x-2009-06-19, greek, gujarati, hindi, hungarian, iceland
ic, indonesian, interlingua, irish, italian, kannada, kurmanji, lao, latin, lat
vian, lithuanian, malayalam, marathi, mongolian, mongolianlmc, monogreek, ngerm
an, ngerman-x-2009-06-19, nynorsk, oriya, panjabi, pinyin, polish, portuguese, 
romanian, russian, sanskrit, serbian, slovak, slovenian, spanish, swedish, swis
sgerman, tamil, telugu, turkish, turkmen, ukenglish, ukrainian, uppersorbian, u
senglishmax, welsh, loaded.
("C:\Program Files\MiKTeX 2.9\tex\latex\exam\exam.cls"
Document Class: exam 2011/05/22 Version 2.4 by Philip Hirschhorn
("C:\Program Files\MiKTeX 2.9\tex\latex\base\ifthen.sty"
Package: ifthen 2001/05/26 v1.1c Standard LaTeX ifthen package (DPC)
)
("C:\Program Files\MiKTeX 2.9\tex\latex\base\article.cls"
Document Class: article 2007/10/19 v1.4h Standard LaTeX document class
("C:\Program Files\MiKTeX 2.9\tex\latex\base\size11.clo"
File: size11.clo 2007/10/19 v1.4h Standard LaTeX file (size option)
)
\c@part=\count79
\c@section=\count80
\c@subsection=\count81
\c@subsubsection=\count82
\c@paragraph=\count83
\c@subparagraph=\count84
\c@figure=\count85
\c@table=\count86
\abovecaptionskip=\skip41
\belowcaptionskip=\skip42
\bibindent=\dimen102
)
\@extrawidth=\skip43
\@rightmargin=\skip44
\@extrahead=\skip45
\@extrafoot=\skip46
\run@exhd=\skip47
\fp@exhd=\skip48
\run@exft=\skip49
\fp@exft=\skip50
\covrun@exhd=\skip51
\covfp@exhd=\skip52
\covrun@exft=\skip53
\covfp@exft=\skip54
\c@num@coverpages=\count87
\c@latest@ques=\count88
\c@ques@end=\count89
\c@last@object=\count90
\c@incmp@ques=\count91
\c@next@ques=\count92
\c@nextq@page=\count93
\c@tmp@hlfcntr=\count94
\c@ifpos@cntr=\count95
\c@question=\count96
\c@partno=\count97
\c@subpart=\count98
\c@subsubpart=\count99
\c@choice=\count100
\c@numpoints=\count101
\c@numbonuspoints=\count102
\c@pointsof@thisquestion=\count103
\c@bonuspointsof@thisquestion=\count104
\c@numquestions=\count105
\c@numparts=\count106
\c@numsubparts=\count107
\c@numsubsubparts=\count108
\c@Curr@Page=\count109
\c@@pagepoints=\count110
\c@@pagebonuspoints=\count111
\c@pageof@pagepoints=\count112
\c@pageof@pagebonuspoints=\count113
\c@latest@points=\count114
\c@latest@bonuspoints=\count115
\pageinfo@commands=\toks14
\temp@toks=\toks15
\pagepoint@commands=\toks16
\point@toks=\toks17
\c@ques@object=\count116
\marginpointssep=\skip55
\rightpointsmargin=\skip56
\choice@toks=\toks18
\answerlinelength=\skip57
\answerskip=\skip58
\answerclearance=\skip59
\linefillheight=\skip60
\linefillthickness=\skip61
\dottedlinefillheight=\skip62
\minboxheight=\skip63
\c@@iterator=\count117
\@cellwidth=\skip64
\c@tbl@points=\count118
\c@tbl@bonuspoints=\count119
\c@num@cols=\count120
\saved@totalleftmargin=\dimen103
\@sollistdepth=\count121
\FrameRule=\dimen104
\FrameSep=\dimen105
)
("C:\Program Files\MiKTeX 2.9\tex\latex\graphics\graphicx.sty"
Package: graphicx 1999/02/16 v1.0f Enhanced LaTeX Graphics (DPC,SPQR)

("C:\Program Files\MiKTeX 2.9\tex\latex\graphics\keyval.sty"
Package: keyval 1999/03/16 v1.13 key=value parser (DPC)
\KV@toks@=\toks19
)
("C:\Program Files\MiKTeX 2.9\tex\latex\graphics\graphics.sty"
Package: graphics 2009/02/05 v1.0o Standard LaTeX Graphics (DPC,SPQR)

("C:\Program Files\MiKTeX 2.9\tex\latex\graphics\trig.sty"
Package: trig 1999/03/16 v1.09 sin cos tan (DPC)
)
("C:\Program Files\MiKTeX 2.9\tex\latex\00miktex\graphics.cfg"
File: graphics.cfg 2007/01/18 v1.5 graphics configuration of teTeX/TeXLive
)
Package graphics Info: Driver file: pdftex.def on input line 91.

("C:\Program Files\MiKTeX 2.9\tex\latex\pdftex-def\pdftex.def"
File: pdftex.def 2011/05/27 v0.06d Graphics/color for pdfTeX

("C:\Program Files\MiKTeX 2.9\tex\generic\oberdiek\infwarerr.sty"
Package: infwarerr 2010/04/08 v1.3 Providing info/warning/message (HO)
)
("C:\Program Files\MiKTeX 2.9\tex\generic\oberdiek\ltxcmds.sty"
Package: ltxcmds 2011/04/18 v1.20 LaTeX kernel commands for general use (HO)
)
\Gread@gobject=\count122
))
\Gin@req@height=\dimen106
\Gin@req@width=\dimen107
)
("C:\Program Files\MiKTeX 2.9\tex\latex\ams\math\amsmath.sty"
Package: amsmath 2000/07/18 v2.13 AMS math features
\@mathmargin=\skip65

For additional information on amsmath, use the `?' option.
("C:\Program Files\MiKTeX 2.9\tex\latex\ams\math\amstext.sty"
Package: amstext 2000/06/29 v2.01

("C:\Program Files\MiKTeX 2.9\tex\latex\ams\math\amsgen.sty"
File: amsgen.sty 1999/11/30 v2.0
\@emptytoks=\toks20
\ex@=\dimen108
))
("C:\Program Files\MiKTeX 2.9\tex\latex\ams\math\amsbsy.sty"
Package: amsbsy 1999/11/29 v1.2d
\pmbraise@=\dimen109
)
("C:\Program Files\MiKTeX 2.9\tex\latex\ams\math\amsopn.sty"
Package: amsopn 1999/12/14 v2.01 operator names
)
\inf@bad=\count123
LaTeX Info: Redefining \frac on input line 211.
\uproot@=\count124
\leftroot@=\count125
LaTeX Info: Redefining \overline on input line 307.
\classnum@=\count126
\DOTSCASE@=\count127
LaTeX Info: Redefining \ldots on input line 379.
LaTeX Info: Redefining \dots on input line 382.
LaTeX Info: Redefining \cdots on input line 467.
\Mathstrutbox@=\box26
\strutbox@=\box27
\big@size=\dimen110
LaTeX Font Info:    Redeclaring font encoding OML on input line 567.
LaTeX Font Info:    Redeclaring font encoding OMS on input line 568.
\macc@depth=\count128
\c@MaxMatrixCols=\count129
\dotsspace@=\muskip10
\c@parentequation=\count130
\dspbrk@lvl=\count131
\tag@help=\toks21
\row@=\count132
\column@=\count133
\maxfields@=\count134
\andhelp@=\toks22
\eqnshift@=\dimen111
\alignsep@=\dimen112
\tagshift@=\dimen113
\tagwidth@=\dimen114
\totwidth@=\dimen115
\lineht@=\dimen116
\@envbody=\toks23
\multlinegap=\skip66
\multlinetaggap=\skip67
\mathdisplay@stack=\toks24
LaTeX Info: Redefining \[ on input line 2666.
LaTeX Info: Redefining \] on input line 2667.
)
("C:\Program Files\MiKTeX 2.9\tex\latex\amsfonts\amsfonts.sty"
Package: amsfonts 2009/06/22 v3.00 Basic AMSFonts support
\symAMSa=\mathgroup4
\symAMSb=\mathgroup5
LaTeX Font Info:    Overwriting math alphabet `\mathfrak' in version `bold'
(Font)                  U/euf/m/n --> U/euf/b/n on input line 96.
)
("C:\Program Files\MiKTeX 2.9\tex\latex\tools\enumerate.sty"
Package: enumerate 1999/03/05 v3.00 enumerate extensions (DPC)
\@enLab=\toks25
)
(U:\courses\M251\exams\F2012_exam_3_ideas.aux)
LaTeX Font Info:    Checking defaults for OML/cmm/m/it on input line 21.
LaTeX Font Info:    ... okay on input line 21.
LaTeX Font Info:    Checking defaults for T1/cmr/m/n on input line 21.
LaTeX Font Info:    ... okay on input line 21.
LaTeX Font Info:    Checking defaults for OT1/cmr/m/n on input line 21.
LaTeX Font Info:    ... okay on input line 21.
LaTeX Font Info:    Checking defaults for OMS/cmsy/m/n on input line 21.
LaTeX Font Info:    ... okay on input line 21.
LaTeX Font Info:    Checking defaults for OMX/cmex/m/n on input line 21.
LaTeX Font Info:    ... okay on input line 21.
LaTeX Font Info:    Checking defaults for U/cmr/m/n on input line 21.
LaTeX Font Info:    ... okay on input line 21.

("C:\Program Files\MiKTeX 2.9\tex\context\base\supp-pdf.mkii"
[Loading MPS to PDF converter (version 2006.09.02).]
\scratchcounter=\count135
\scratchdimen=\dimen117
\scratchbox=\box28
\nofMPsegments=\count136
\nofMParguments=\count137
\everyMPshowfont=\toks26
\MPscratchCnt=\count138
\MPscratchDim=\dimen118
\MPnumerator=\count139
\makeMPintoPDFobject=\count140
\everyMPtoPDFconversion=\toks27
)
LaTeX Font Info:    Try loading font information for U+msa on input line 31.
 ("C:\Program Files\MiKTeX 2.9\tex\latex\amsfonts\umsa.fd"
File: umsa.fd 2009/06/22 v3.00 AMS symbols A
)
LaTeX Font Info:    Try loading font information for U+msb on input line 31.

("C:\Program Files\MiKTeX 2.9\tex\latex\amsfonts\umsb.fd"
File: umsb.fd 2009/06/22 v3.00 AMS symbols B
) [1

{C:/ProgramData/MiKTeX/2.9/pdftex/config/pdftex.map}] [2]
This exam contains 2 questions with 7 parts, 0 subparts, and 0 subsubparts.
This exam has a total of 0 points.
This exam has a total of 0 bonus points.
(U:\courses\M251\exams\F2012_exam_3_ideas.aux) ) 
Here is how much of TeX's memory you used:
 2776 strings out of 494045
 35565 string characters out of 3148381
 101781 words of memory out of 3000000
 6069 multiletter control sequences out of 15000+200000
 9894 words of font info for 37 fonts, out of 3000000 for 9000
 715 hyphenation exceptions out of 8191
 27i,9n,22p,488b,188s stack positions out of 5000i,500n,10000p,200000b,50000s
<C:/Program Files/MiKTeX 2.9/fo
nts/type1/public/amsfonts/cm/cmbx10.pfb><C:/Program Files/MiKTeX 2.9/fonts/type
1/public/amsfonts/cm/cmbx12.pfb><C:/Program Files/MiKTeX 2.9/fonts/type1/public
/amsfonts/cm/cmmi10.pfb><C:/Program Files/MiKTeX 2.9/fonts/type1/public/amsfont
s/cm/cmr10.pfb><C:/Program Files/MiKTeX 2.9/fonts/type1/public/amsfonts/cm/cmr8
.pfb><C:/Program Files/MiKTeX 2.9/fonts/type1/public/amsfonts/cm/cmsy10.pfb><C:
/Program Files/MiKTeX 2.9/fonts/type1/public/amsfonts/cm/cmti10.pfb><C:/Program
 Files/MiKTeX 2.9/fonts/type1/public/amsfonts/cm/cmti12.pfb>
Output written on F2012_exam_3_ideas.pdf (2 pages, 100311 bytes).
PDF statistics:
 41 PDF objects out of 1000 (max. 8388607)
 0 named destinations out of 1000 (max. 500000)
 1 words of extra memory for PDF output out of 10000 (max. 10000000)

